<?xml version="1.0" encoding="UTF-8"?>
<!-- Generated by org.testng.reporters.JUnitXMLReporter -->
<testsuite hostname="DESKTOP-FV0I4VU" ignored="0" name="Test" tests="3" failures="0" timestamp="17 Jun 2019 21:00:53 GMT" time="187.243" errors="0">
  <testcase name="totalValidation" time="95.009" classname="practise.AppiumFramework.Ecommerce_tc_4"/>
  <testcase name="apiDemoTest" time="42.192" classname="practise.AppiumFramework.ApiDemoTest"/>
  <testcase name="apiDemoTest" time="46.82" classname="practise.AppiumFramework.ApiDemoTest"/>
</testsuite> <!-- Test -->
